14:19:27 INFO  : Launching XSDB server: xsdb.bat D:/Xilinx/SDK/2015.4/scripts/xsdb/xsdb/xsdb-server.tcl
14:19:28 INFO  : XSDB server has started successfully.
14:19:28 INFO  : Processing command line option -hwspec D:/AX7021/vivado_project/03_helloworld/helloworld.sdk/system_wrapper.hdf.
14:21:26 INFO  : Connected to target on host '127.0.0.1' and port '3121'.
14:21:30 INFO  : Sourcing of 'D:/AX7021/vivado_project/03_helloworld/helloworld.sdk/system_wrapper_hw_platform_0/ps7_init.tcl' is done.
14:21:30 INFO  : 'targets -set -filter {name =~"APU" && jtag_cable_name =~ "Digilent JTAG-HS1 210512180081"} -index 0' command is executed.
14:21:30 INFO  : System reset is completed.
14:21:34 INFO  : 'targets -set -filter {name =~"APU" && jtag_cable_name =~ "Digilent JTAG-HS1 210512180081"} -index 0' command is executed.
14:21:34 INFO  : Hardware design information is loaded from 'D:/AX7021/vivado_project/03_helloworld/helloworld.sdk/system_wrapper_hw_platform_0/system.hdf'.
14:21:34 INFO  : 'ps7_init' command is executed.
14:21:35 INFO  : Context for processor 'ps7_cortexa9_0' is selected.
14:21:35 INFO  : The application 'D:/AX7021/vivado_project/03_helloworld/helloworld.sdk/helloworld/Debug/helloworld.elf' is downloaded to processor 'ps7_cortexa9_0'.
14:21:35 INFO  : ----------------XSDB Script----------------
connect -url tcp:127.0.0.1:3121
source D:/AX7021/vivado_project/03_helloworld/helloworld.sdk/system_wrapper_hw_platform_0/ps7_init.tcl
targets -set -filter {name =~"APU" && jtag_cable_name =~ "Digilent JTAG-HS1 210512180081"} -index 0
rst -system
targets -set -filter {name =~"APU" && jtag_cable_name =~ "Digilent JTAG-HS1 210512180081"} -index 0
loadhw D:/AX7021/vivado_project/03_helloworld/helloworld.sdk/system_wrapper_hw_platform_0/system.hdf
ps7_init
targets -set -nocase -filter {name =~ "ARM*#0" && jtag_cable_name =~ "Digilent JTAG-HS1 210512180081"} -index 0
dow D:/AX7021/vivado_project/03_helloworld/helloworld.sdk/helloworld/Debug/helloworld.elf
----------------End of Script----------------

14:21:35 INFO  : Context for processor 'ps7_cortexa9_0' is selected.
14:21:35 INFO  : 'con' command is executed.
14:21:35 INFO  : ----------------XSDB Script (After Launch)----------------
targets -set -nocase -filter {name =~ "ARM*#0" && jtag_cable_name =~ "Digilent JTAG-HS1 210512180081"} -index 0
con
----------------End of Script----------------

14:55:13 INFO  : Launching XSDB server: xsdb.bat D:/Xilinx/SDK/2015.4/scripts/xsdb/xsdb/xsdb-server.tcl
14:58:13 ERROR : Timed out. 180 seconds have elapsed while waiting for XSDB server to launch.
14:58:13 WARN  : Unexpected exception occurred.
java.lang.Exception: java.lang.Error: Channel is waiting for Hello message
	at org.eclipse.tcf.core.Command.<init>(Command.java:83)
	at com.xilinx.sdk.xsdb.XSDBCommandManager$8.<init>(XSDBCommandManager.java:384)
	at com.xilinx.sdk.xsdb.XSDBCommandManager.issueTcfCmd(XSDBCommandManager.java:384)
	at com.xilinx.sdk.xsdb.XSDBCommandManager.access$4(XSDBCommandManager.java:381)
	at com.xilinx.sdk.xsdb.XSDBCommandManager$7.run(XSDBCommandManager.java:376)
	at org.eclipse.tcf.EventQueue.run(EventQueue.java:95)
	at java.lang.Thread.run(Thread.java:745)
Caused by: java.lang.Error: Channel is waiting for Hello message
	at org.eclipse.tcf.core.AbstractChannel.sendCommand(AbstractChannel.java:874)
	at org.eclipse.tcf.core.Command.<init>(Command.java:79)
	... 6 more
